Analysis & Synthesis report for EdgeReflex
Fri May 08 15:49:52 2026
Quartus Prime Version 20.1.1 Build 720 11/11/2020 SJ Lite Edition


---------------------
; Table of Contents ;
---------------------
  1. Legal Notice
  2. Analysis & Synthesis Summary
  3. Analysis & Synthesis Settings
  4. Parallel Compilation
  5. Analysis & Synthesis Source Files Read
  6. Analysis & Synthesis Resource Usage Summary
  7. Analysis & Synthesis Resource Utilization by Entity
  8. Analysis & Synthesis RAM Summary
  9. Analysis & Synthesis DSP Block Usage Summary
 10. Analysis & Synthesis IP Cores Summary
 11. State Machine - |EdgeReflex|state
 12. Registers Removed During Synthesis
 13. General Register Statistics
 14. Inverted Register Statistics
 15. Multiplexer Restructuring Statistics (Restructuring Performed)
 16. Source assignments for mac_array:mac_array_inst|weight_rom:weight_rom_inst|weights_rom:rom_inst|altsyncram:altsyncram_component|altsyncram_l8g1:auto_generated
 17. Parameter Settings for User Entity Instance: spi_slave:spi_slave_inst
 18. Parameter Settings for User Entity Instance: mac_array:mac_array_inst|weight_rom:weight_rom_inst|weights_rom:rom_inst|altsyncram:altsyncram_component
 19. Parameter Settings for User Entity Instance: relu:relu_inst
 20. altsyncram Parameter Settings by Entity Instance
 21. Port Connectivity Checks: "irq_gen:irq_gen_inst"
 22. Post-Synthesis Netlist Statistics for Top Partition
 23. Elapsed Time Per Partition
 24. Analysis & Synthesis Messages
 25. Analysis & Synthesis Suppressed Messages



----------------
; Legal Notice ;
----------------
Copyright (C) 2020  Intel Corporation. All rights reserved.
Your use of Intel Corporation's design tools, logic functions 
and other software and tools, and any partner logic 
functions, and any output files from any of the foregoing 
(including device programming or simulation files), and any 
associated documentation or information are expressly subject 
to the terms and conditions of the Intel Program License 
Subscription Agreement, the Intel Quartus Prime License Agreement,
the Intel FPGA IP License Agreement, or other applicable license
agreement, including, without limitation, that your use is for
the sole purpose of programming logic devices manufactured by
Intel and sold by Intel or its authorized distributors.  Please
refer to the applicable agreement for further details, at
https://fpgasoftware.intel.com/eula.



+-------------------------------------------------------------------------------+
; Analysis & Synthesis Summary                                                  ;
+---------------------------------+---------------------------------------------+
; Analysis & Synthesis Status     ; Successful - Fri May 08 15:49:52 2026       ;
; Quartus Prime Version           ; 20.1.1 Build 720 11/11/2020 SJ Lite Edition ;
; Revision Name                   ; EdgeReflex                                  ;
; Top-level Entity Name           ; EdgeReflex                                  ;
; Family                          ; Cyclone V                                   ;
; Logic utilization (in ALMs)     ; N/A                                         ;
; Total registers                 ; 4136                                        ;
; Total pins                      ; 7                                           ;
; Total virtual pins              ; 0                                           ;
; Total block memory bits         ; 524,288                                     ;
; Total DSP Blocks                ; 2                                           ;
; Total HSSI RX PCSs              ; 0                                           ;
; Total HSSI PMA RX Deserializers ; 0                                           ;
; Total HSSI TX PCSs              ; 0                                           ;
; Total HSSI PMA TX Serializers   ; 0                                           ;
; Total PLLs                      ; 0                                           ;
; Total DLLs                      ; 0                                           ;
+---------------------------------+---------------------------------------------+


+---------------------------------------------------------------------------------------------------------------------------+
; Analysis & Synthesis Settings                                                                                             ;
+---------------------------------------------------------------------------------+--------------------+--------------------+
; Option                                                                          ; Setting            ; Default Value      ;
+---------------------------------------------------------------------------------+--------------------+--------------------+
; Device                                                                          ; 5CEBA4F23C7        ;                    ;
; Top-level entity name                                                           ; EdgeReflex         ; EdgeReflex         ;
; Family name                                                                     ; Cyclone V          ; Cyclone V          ;
; Use smart compilation                                                           ; Off                ; Off                ;
; Enable parallel Assembler and Timing Analyzer during compilation                ; On                 ; On                 ;
; Enable compact report table                                                     ; Off                ; Off                ;
; Restructure Multiplexers                                                        ; Auto               ; Auto               ;
; MLAB Add Timing Constraints For Mixed-Port Feed-Through Mode Setting Don't Care ; Off                ; Off                ;
; Create Debugging Nodes for IP Cores                                             ; Off                ; Off                ;
; Preserve fewer node names                                                       ; On                 ; On                 ;
; Intel FPGA IP Evaluation Mode                                                   ; Enable             ; Enable             ;
; Verilog Version                                                                 ; Verilog_2001       ; Verilog_2001       ;
; VHDL Version                                                                    ; VHDL_1993          ; VHDL_1993          ;
; State Machine Processing                                                        ; Auto               ; Auto               ;
; Safe State Machine                                                              ; Off                ; Off                ;
; Extract Verilog State Machines                                                  ; On                 ; On                 ;
; Extract VHDL State Machines                                                     ; On                 ; On                 ;
; Ignore Verilog initial constructs                                               ; Off                ; Off                ;
; Iteration limit for constant Verilog loops                                      ; 5000               ; 5000               ;
; Iteration limit for non-constant Verilog loops                                  ; 250                ; 250                ;
; Add Pass-Through Logic to Inferred RAMs                                         ; On                 ; On                 ;
; Infer RAMs from Raw Logic                                                       ; On                 ; On                 ;
; Parallel Synthesis                                                              ; On                 ; On                 ;
; DSP Block Balancing                                                             ; Auto               ; Auto               ;
; NOT Gate Push-Back                                                              ; On                 ; On                 ;
; Power-Up Don't Care                                                             ; On                 ; On                 ;
; Remove Redundant Logic Cells                                                    ; Off                ; Off                ;
; Remove Duplicate Registers                                                      ; On                 ; On                 ;
; Ignore CARRY Buffers                                                            ; Off                ; Off                ;
; Ignore CASCADE Buffers                                                          ; Off                ; Off                ;
; Ignore GLOBAL Buffers                                                           ; Off                ; Off                ;
; Ignore ROW GLOBAL Buffers                                                       ; Off                ; Off                ;
; Ignore LCELL Buffers                                                            ; Off                ; Off                ;
; Ignore SOFT Buffers                                                             ; On                 ; On                 ;
; Limit AHDL Integers to 32 Bits                                                  ; Off                ; Off                ;
; Optimization Technique                                                          ; Balanced           ; Balanced           ;
; Carry Chain Length                                                              ; 70                 ; 70                 ;
; Auto Carry Chains                                                               ; On                 ; On                 ;
; Auto Open-Drain Pins                                                            ; On                 ; On                 ;
; Perform WYSIWYG Primitive Resynthesis                                           ; Off                ; Off                ;
; Auto ROM Replacement                                                            ; On                 ; On                 ;
; Auto RAM Replacement                                                            ; On                 ; On                 ;
; Auto DSP Block Replacement                                                      ; On                 ; On                 ;
; Auto Shift Register Replacement                                                 ; Auto               ; Auto               ;
; Allow Shift Register Merging across Hierarchies                                 ; Auto               ; Auto               ;
; Auto Clock Enable Replacement                                                   ; On                 ; On                 ;
; Strict RAM Replacement                                                          ; Off                ; Off                ;
; Allow Synchronous Control Signals                                               ; On                 ; On                 ;
; Force Use of Synchronous Clear Signals                                          ; Off                ; Off                ;
; Auto Resource Sharing                                                           ; Off                ; Off                ;
; Allow Any RAM Size For Recognition                                              ; Off                ; Off                ;
; Allow Any ROM Size For Recognition                                              ; Off                ; Off                ;
; Allow Any Shift Register Size For Recognition                                   ; Off                ; Off                ;
; Use LogicLock Constraints during Resource Balancing                             ; On                 ; On                 ;
; Ignore translate_off and synthesis_off directives                               ; Off                ; Off                ;
; Timing-Driven Synthesis                                                         ; On                 ; On                 ;
; Report Parameter Settings                                                       ; On                 ; On                 ;
; Report Source Assignments                                                       ; On                 ; On                 ;
; Report Connectivity Checks                                                      ; On                 ; On                 ;
; Ignore Maximum Fan-Out Assignments                                              ; Off                ; Off                ;
; Synchronization Register Chain Length                                           ; 3                  ; 3                  ;
; Power Optimization During Synthesis                                             ; Normal compilation ; Normal compilation ;
; HDL message level                                                               ; Level2             ; Level2             ;
; Suppress Register Optimization Related Messages                                 ; Off                ; Off                ;
; Number of Removed Registers Reported in Synthesis Report                        ; 5000               ; 5000               ;
; Number of Swept Nodes Reported in Synthesis Report                              ; 5000               ; 5000               ;
; Number of Inverted Registers Reported in Synthesis Report                       ; 100                ; 100                ;
; Clock MUX Protection                                                            ; On                 ; On                 ;
; Auto Gated Clock Conversion                                                     ; Off                ; Off                ;
; Block Design Naming                                                             ; Auto               ; Auto               ;
; SDC constraint protection                                                       ; Off                ; Off                ;
; Synthesis Effort                                                                ; Auto               ; Auto               ;
; Shift Register Replacement - Allow Asynchronous Clear Signal                    ; On                 ; On                 ;
; Pre-Mapping Resynthesis Optimization                                            ; Off                ; Off                ;
; Analysis & Synthesis Message Level                                              ; Medium             ; Medium             ;
; Disable Register Merging Across Hierarchies                                     ; Auto               ; Auto               ;
; Resource Aware Inference For Block RAM                                          ; On                 ; On                 ;
; Automatic Parallel Synthesis                                                    ; On                 ; On                 ;
; Partial Reconfiguration Bitstream ID                                            ; Off                ; Off                ;
+---------------------------------------------------------------------------------+--------------------+--------------------+


+------------------------------------------+
; Parallel Compilation                     ;
+----------------------------+-------------+
; Processors                 ; Number      ;
+----------------------------+-------------+
; Number detected on machine ; 8           ;
; Maximum allowed            ; 4           ;
;                            ;             ;
; Average used               ; 1.00        ;
; Maximum used               ; 4           ;
;                            ;             ;
; Usage by Processor         ; % Time Used ;
;     Processor 1            ; 100.0%      ;
;     Processor 2            ;   0.0%      ;
;     Processor 3            ;   0.0%      ;
;     Processor 4            ;   0.0%      ;
+----------------------------+-------------+


+-----------------------------------------------------------------------------------------------------------------------------------------------------------------------------------------------+
; Analysis & Synthesis Source Files Read                                                                                                                                                        ;
+-------------------------------------------+-----------------+----------------------------------------+------------------------------------------------------------------------------+---------+
; File Name with User-Entered Path          ; Used in Netlist ; File Type                              ; File Name with Absolute Path                                                 ; Library ;
+-------------------------------------------+-----------------+----------------------------------------+------------------------------------------------------------------------------+---------+
; ../src/weight_rom.v                       ; yes             ; User Verilog HDL File                  ; C:/personal/EdgeReflex/fpga/src/weight_rom.v                                 ;         ;
; ../src/spi_slave.v                        ; yes             ; User Verilog HDL File                  ; C:/personal/EdgeReflex/fpga/src/spi_slave.v                                  ;         ;
; ../src/relu.v                             ; yes             ; User Verilog HDL File                  ; C:/personal/EdgeReflex/fpga/src/relu.v                                       ;         ;
; ../src/mac_array.v                        ; yes             ; User Verilog HDL File                  ; C:/personal/EdgeReflex/fpga/src/mac_array.v                                  ;         ;
; ../src/irq_gen.v                          ; yes             ; User Verilog HDL File                  ; C:/personal/EdgeReflex/fpga/src/irq_gen.v                                    ;         ;
; ../src/EdgeReflex.v                       ; yes             ; User Verilog HDL File                  ; C:/personal/EdgeReflex/fpga/src/EdgeReflex.v                                 ;         ;
; weights_rom.v                             ; yes             ; User Wizard-Generated File             ; C:/personal/EdgeReflex/fpga/synthesis/weights_rom.v                          ;         ;
; altsyncram.tdf                            ; yes             ; Megafunction                           ; c:/intelfpga_lite/20.1/quartus/libraries/megafunctions/altsyncram.tdf        ;         ;
; stratix_ram_block.inc                     ; yes             ; Megafunction                           ; c:/intelfpga_lite/20.1/quartus/libraries/megafunctions/stratix_ram_block.inc ;         ;
; lpm_mux.inc                               ; yes             ; Megafunction                           ; c:/intelfpga_lite/20.1/quartus/libraries/megafunctions/lpm_mux.inc           ;         ;
; lpm_decode.inc                            ; yes             ; Megafunction                           ; c:/intelfpga_lite/20.1/quartus/libraries/megafunctions/lpm_decode.inc        ;         ;
; aglobal201.inc                            ; yes             ; Megafunction                           ; c:/intelfpga_lite/20.1/quartus/libraries/megafunctions/aglobal201.inc        ;         ;
; a_rdenreg.inc                             ; yes             ; Megafunction                           ; c:/intelfpga_lite/20.1/quartus/libraries/megafunctions/a_rdenreg.inc         ;         ;
; altrom.inc                                ; yes             ; Megafunction                           ; c:/intelfpga_lite/20.1/quartus/libraries/megafunctions/altrom.inc            ;         ;
; altram.inc                                ; yes             ; Megafunction                           ; c:/intelfpga_lite/20.1/quartus/libraries/megafunctions/altram.inc            ;         ;
; altdpram.inc                              ; yes             ; Megafunction                           ; c:/intelfpga_lite/20.1/quartus/libraries/megafunctions/altdpram.inc          ;         ;
; db/altsyncram_l8g1.tdf                    ; yes             ; Auto-Generated Megafunction            ; C:/personal/EdgeReflex/fpga/synthesis/db/altsyncram_l8g1.tdf                 ;         ;
; /personal/edgereflex/fpga/weights_hex.mif ; yes             ; Auto-Found Memory Initialization File  ; /personal/edgereflex/fpga/weights_hex.mif                                    ;         ;
; db/decode_61a.tdf                         ; yes             ; Auto-Generated Megafunction            ; C:/personal/EdgeReflex/fpga/synthesis/db/decode_61a.tdf                      ;         ;
; db/mux_tfb.tdf                            ; yes             ; Auto-Generated Megafunction            ; C:/personal/EdgeReflex/fpga/synthesis/db/mux_tfb.tdf                         ;         ;
+-------------------------------------------+-----------------+----------------------------------------+------------------------------------------------------------------------------+---------+


+---------------------------------------------------------+
; Analysis & Synthesis Resource Usage Summary             ;
+---------------------------------------------+-----------+
; Resource                                    ; Usage     ;
+---------------------------------------------+-----------+
; Estimate of Logic utilization (ALMs needed) ; 2816      ;
;                                             ;           ;
; Combinational ALUT usage for logic          ; 3812      ;
;     -- 7 input functions                    ; 9         ;
;     -- 6 input functions                    ; 1054      ;
;     -- 5 input functions                    ; 122       ;
;     -- 4 input functions                    ; 2523      ;
;     -- <=3 input functions                  ; 104       ;
;                                             ;           ;
; Dedicated logic registers                   ; 4136      ;
;                                             ;           ;
; I/O pins                                    ; 7         ;
; Total MLAB memory bits                      ; 0         ;
; Total block memory bits                     ; 524288    ;
;                                             ;           ;
; Total DSP Blocks                            ; 2         ;
;                                             ;           ;
; Maximum fan-out node                        ; clk~input ;
; Maximum fan-out                             ; 4200      ;
; Total fan-out                               ; 32985     ;
; Average fan-out                             ; 4.11      ;
+---------------------------------------------+-----------+


+------------------------------------------------------------------------------------------------------------------------------------------------------------------------------------------------------------------------------------------------------------------------------------------------------------------------------------------------------------------------+
; Analysis & Synthesis Resource Utilization by Entity                                                                                                                                                                                                                                                                                                                    ;
+-------------------------------------------------+---------------------+---------------------------+-------------------+------------+------+--------------+----------------------------------------------------------------------------------------------------------------------------------------------------------------------------+-----------------+--------------+
; Compilation Hierarchy Node                      ; Combinational ALUTs ; Dedicated Logic Registers ; Block Memory Bits ; DSP Blocks ; Pins ; Virtual Pins ; Full Hierarchy Name                                                                                                                                                        ; Entity Name     ; Library Name ;
+-------------------------------------------------+---------------------+---------------------------+-------------------+------------+------+--------------+----------------------------------------------------------------------------------------------------------------------------------------------------------------------------+-----------------+--------------+
; |EdgeReflex                                     ; 3812 (7)            ; 4136 (6)                  ; 524288            ; 2          ; 7    ; 0            ; |EdgeReflex                                                                                                                                                                ; EdgeReflex      ; work         ;
;    |irq_gen:irq_gen_inst|                       ; 4 (4)               ; 4 (4)                     ; 0                 ; 0          ; 0    ; 0            ; |EdgeReflex|irq_gen:irq_gen_inst                                                                                                                                           ; irq_gen         ; work         ;
;    |mac_array:mac_array_inst|                   ; 1113 (1081)         ; 601 (595)                 ; 524288            ; 2          ; 0    ; 0            ; |EdgeReflex|mac_array:mac_array_inst                                                                                                                                       ; mac_array       ; work         ;
;       |weight_rom:weight_rom_inst|              ; 32 (0)              ; 6 (0)                     ; 524288            ; 0          ; 0    ; 0            ; |EdgeReflex|mac_array:mac_array_inst|weight_rom:weight_rom_inst                                                                                                            ; weight_rom      ; work         ;
;          |weights_rom:rom_inst|                 ; 32 (0)              ; 6 (0)                     ; 524288            ; 0          ; 0    ; 0            ; |EdgeReflex|mac_array:mac_array_inst|weight_rom:weight_rom_inst|weights_rom:rom_inst                                                                                       ; weights_rom     ; work         ;
;             |altsyncram:altsyncram_component|   ; 32 (0)              ; 6 (0)                     ; 524288            ; 0          ; 0    ; 0            ; |EdgeReflex|mac_array:mac_array_inst|weight_rom:weight_rom_inst|weights_rom:rom_inst|altsyncram:altsyncram_component                                                       ; altsyncram      ; work         ;
;                |altsyncram_l8g1:auto_generated| ; 32 (0)              ; 6 (6)                     ; 524288            ; 0          ; 0    ; 0            ; |EdgeReflex|mac_array:mac_array_inst|weight_rom:weight_rom_inst|weights_rom:rom_inst|altsyncram:altsyncram_component|altsyncram_l8g1:auto_generated                        ; altsyncram_l8g1 ; work         ;
;                   |decode_61a:rden_decode|      ; 8 (8)               ; 0 (0)                     ; 0                 ; 0          ; 0    ; 0            ; |EdgeReflex|mac_array:mac_array_inst|weight_rom:weight_rom_inst|weights_rom:rom_inst|altsyncram:altsyncram_component|altsyncram_l8g1:auto_generated|decode_61a:rden_decode ; decode_61a      ; work         ;
;                   |mux_tfb:mux2|                ; 24 (24)             ; 0 (0)                     ; 0                 ; 0          ; 0    ; 0            ; |EdgeReflex|mac_array:mac_array_inst|weight_rom:weight_rom_inst|weights_rom:rom_inst|altsyncram:altsyncram_component|altsyncram_l8g1:auto_generated|mux_tfb:mux2           ; mux_tfb         ; work         ;
;    |relu:relu_inst|                             ; 128 (128)           ; 512 (512)                 ; 0                 ; 0          ; 0    ; 0            ; |EdgeReflex|relu:relu_inst                                                                                                                                                 ; relu            ; work         ;
;    |spi_slave:spi_slave_inst|                   ; 2560 (2560)         ; 3013 (3013)               ; 0                 ; 0          ; 0    ; 0            ; |EdgeReflex|spi_slave:spi_slave_inst                                                                                                                                       ; spi_slave       ; work         ;
+-------------------------------------------------+---------------------+---------------------------+-------------------+------------+------+--------------+----------------------------------------------------------------------------------------------------------------------------------------------------------------------------+-----------------+--------------+
Note: For table entries with two numbers listed, the numbers in parentheses indicate the number of resources of the given type used by the specific entity alone. The numbers listed outside of parentheses indicate the total resources of the given type used by the specific entity and all of its sub-entities in the hierarchy.


+------------------------------------------------------------------------------------------------------------------------------------------------------------------------------------------------------------------------------------------------------------+
; Analysis & Synthesis RAM Summary                                                                                                                                                                                                                           ;
+----------------------------------------------------------------------------------------------------------------------------------------------------+------+------+--------------+--------------+--------------+--------------+--------+--------------------+
; Name                                                                                                                                               ; Type ; Mode ; Port A Depth ; Port A Width ; Port B Depth ; Port B Width ; Size   ; MIF                ;
+----------------------------------------------------------------------------------------------------------------------------------------------------+------+------+--------------+--------------+--------------+--------------+--------+--------------------+
; mac_array:mac_array_inst|weight_rom:weight_rom_inst|weights_rom:rom_inst|altsyncram:altsyncram_component|altsyncram_l8g1:auto_generated|ALTSYNCRAM ; AUTO ; ROM  ; 65536        ; 8            ; --           ; --           ; 524288 ; ../weights_hex.mif ;
+----------------------------------------------------------------------------------------------------------------------------------------------------+------+------+--------------+--------------+--------------+--------------+--------+--------------------+


+-----------------------------------------------+
; Analysis & Synthesis DSP Block Usage Summary  ;
+---------------------------------+-------------+
; Statistic                       ; Number Used ;
+---------------------------------+-------------+
; Independent 9x9                 ; 1           ;
; Independent 18x18 plus 36       ; 1           ;
; Total number of DSP blocks      ; 2           ;
;                                 ;             ;
; Fixed Point Signed Multiplier   ; 1           ;
; Fixed Point Unsigned Multiplier ; 1           ;
+---------------------------------+-------------+


+------------------------------------------------------------------------------------------------------------------------------------------------------------------------+
; Analysis & Synthesis IP Cores Summary                                                                                                                                  ;
+--------+--------------+---------+--------------+--------------+--------------------------------------------------------------------------------------+-----------------+
; Vendor ; IP Core Name ; Version ; Release Date ; License Type ; Entity Instance                                                                      ; IP Include File ;
+--------+--------------+---------+--------------+--------------+--------------------------------------------------------------------------------------+-----------------+
; Altera ; ROM: 1-PORT  ; 20.1    ; N/A          ; N/A          ; |EdgeReflex|mac_array:mac_array_inst|weight_rom:weight_rom_inst|weights_rom:rom_inst ; weights_rom.v   ;
+--------+--------------+---------+--------------+--------------+--------------------------------------------------------------------------------------+-----------------+


Encoding Type:  One-Hot
+----------------------------------------------------------------------------------+
; State Machine - |EdgeReflex|state                                                ;
+-----------------+---------------+-----------------+-----------------+------------+
; Name            ; state.SENDING ; state.COMPUTING ; state.RECEIVING ; state.IDLE ;
+-----------------+---------------+-----------------+-----------------+------------+
; state.IDLE      ; 0             ; 0               ; 0               ; 0          ;
; state.RECEIVING ; 0             ; 0               ; 1               ; 1          ;
; state.COMPUTING ; 0             ; 1               ; 0               ; 1          ;
; state.SENDING   ; 1             ; 0               ; 0               ; 1          ;
+-----------------+---------------+-----------------+-----------------+------------+


+--------------------------------------------------------------------------------------+
; Registers Removed During Synthesis                                                   ;
+---------------------------------------------+----------------------------------------+
; Register name                               ; Reason for Removal                     ;
+---------------------------------------------+----------------------------------------+
; tx_valid                                    ; Merged with relu_valid                 ;
; state~8                                     ; Lost fanout                            ;
; state~9                                     ; Lost fanout                            ;
; state~10                                    ; Lost fanout                            ;
; mac_array:mac_array_inst|warmup_count[2..5] ; Stuck at GND due to stuck port data_in ;
; Total Number of Removed Registers = 8       ;                                        ;
+---------------------------------------------+----------------------------------------+


+------------------------------------------------------+
; General Register Statistics                          ;
+----------------------------------------------+-------+
; Statistic                                    ; Value ;
+----------------------------------------------+-------+
; Total registers                              ; 4136  ;
; Number of registers using Synchronous Clear  ; 677   ;
; Number of registers using Synchronous Load   ; 505   ;
; Number of registers using Asynchronous Clear ; 3618  ;
; Number of registers using Asynchronous Load  ; 0     ;
; Number of registers using Clock Enable       ; 1079  ;
; Number of registers using Preset             ; 0     ;
+----------------------------------------------+-------+


+--------------------------------------------------+
; Inverted Register Statistics                     ;
+----------------------------------------+---------+
; Inverted Register                      ; Fan out ;
+----------------------------------------+---------+
; spi_slave:spi_slave_inst|cs_r          ; 49      ;
; spi_slave:spi_slave_inst|cs_r2         ; 31      ;
; Total number of inverted registers = 2 ;         ;
+----------------------------------------+---------+


+-----------------------------------------------------------------------------------------------------------------------------------------------------------------------------------------------------------------------------------------------------------------------------------------------------+
; Multiplexer Restructuring Statistics (Restructuring Performed)                                                                                                                                                                                                                                      ;
+--------------------+-----------+---------------+----------------------+------------------------+------------+---------------------------------------------------------------------------------------------------------------------------------------------------------------------------------------+
; Multiplexer Inputs ; Bus Width ; Baseline Area ; Area if Restructured ; Saving if Restructured ; Registered ; Example Multiplexer Output                                                                                                                                                            ;
+--------------------+-----------+---------------+----------------------+------------------------+------------+---------------------------------------------------------------------------------------------------------------------------------------------------------------------------------------+
; 3:1                ; 7 bits    ; 14 LEs        ; 7 LEs                ; 7 LEs                  ; Yes        ; |EdgeReflex|spi_slave:spi_slave_inst|rx_shift[3]                                                                                                                                      ;
; 3:1                ; 31 bits   ; 62 LEs        ; 0 LEs                ; 62 LEs                 ; Yes        ; |EdgeReflex|mac_array:mac_array_inst|feature_idx_d[1]                                                                                                                                 ;
; 3:1                ; 3 bits    ; 6 LEs         ; 3 LEs                ; 3 LEs                  ; Yes        ; |EdgeReflex|irq_gen:irq_gen_inst|pulse_count[0]                                                                                                                                       ;
; 3:1                ; 8 bits    ; 16 LEs        ; 0 LEs                ; 16 LEs                 ; Yes        ; |EdgeReflex|spi_slave:spi_slave_inst|tx_buffer[505]                                                                                                                                   ;
; 3:1                ; 504 bits  ; 1008 LEs      ; 0 LEs                ; 1008 LEs               ; Yes        ; |EdgeReflex|spi_slave:spi_slave_inst|tx_buffer[4]                                                                                                                                     ;
; 4:1                ; 12 bits   ; 24 LEs        ; 0 LEs                ; 24 LEs                 ; Yes        ; |EdgeReflex|spi_slave:spi_slave_inst|rx_byte_count[0]                                                                                                                                 ;
; 4:1                ; 32 bits   ; 64 LEs        ; 0 LEs                ; 64 LEs                 ; Yes        ; |EdgeReflex|mac_array:mac_array_inst|acc[24]                                                                                                                                          ;
; 4:1                ; 9 bits    ; 18 LEs        ; 0 LEs                ; 18 LEs                 ; Yes        ; |EdgeReflex|mac_array:mac_array_inst|feature_idx[8]                                                                                                                                   ;
; 4:1                ; 7 bits    ; 14 LEs        ; 7 LEs                ; 7 LEs                  ; Yes        ; |EdgeReflex|mac_array:mac_array_inst|results[14]                                                                                                                                      ;
; 4:1                ; 7 bits    ; 14 LEs        ; 7 LEs                ; 7 LEs                  ; Yes        ; |EdgeReflex|mac_array:mac_array_inst|results[22]                                                                                                                                      ;
; 4:1                ; 7 bits    ; 14 LEs        ; 7 LEs                ; 7 LEs                  ; Yes        ; |EdgeReflex|mac_array:mac_array_inst|results[30]                                                                                                                                      ;
; 4:1                ; 7 bits    ; 14 LEs        ; 7 LEs                ; 7 LEs                  ; Yes        ; |EdgeReflex|mac_array:mac_array_inst|results[35]                                                                                                                                      ;
; 4:1                ; 7 bits    ; 14 LEs        ; 7 LEs                ; 7 LEs                  ; Yes        ; |EdgeReflex|mac_array:mac_array_inst|results[46]                                                                                                                                      ;
; 4:1                ; 7 bits    ; 14 LEs        ; 7 LEs                ; 7 LEs                  ; Yes        ; |EdgeReflex|mac_array:mac_array_inst|results[49]                                                                                                                                      ;
; 4:1                ; 7 bits    ; 14 LEs        ; 7 LEs                ; 7 LEs                  ; Yes        ; |EdgeReflex|mac_array:mac_array_inst|results[62]                                                                                                                                      ;
; 4:1                ; 7 bits    ; 14 LEs        ; 7 LEs                ; 7 LEs                  ; Yes        ; |EdgeReflex|mac_array:mac_array_inst|results[64]                                                                                                                                      ;
; 4:1                ; 7 bits    ; 14 LEs        ; 7 LEs                ; 7 LEs                  ; Yes        ; |EdgeReflex|mac_array:mac_array_inst|results[72]                                                                                                                                      ;
; 4:1                ; 7 bits    ; 14 LEs        ; 7 LEs                ; 7 LEs                  ; Yes        ; |EdgeReflex|mac_array:mac_array_inst|results[84]                                                                                                                                      ;
; 4:1                ; 7 bits    ; 14 LEs        ; 7 LEs                ; 7 LEs                  ; Yes        ; |EdgeReflex|mac_array:mac_array_inst|results[93]                                                                                                                                      ;
; 4:1                ; 7 bits    ; 14 LEs        ; 7 LEs                ; 7 LEs                  ; Yes        ; |EdgeReflex|mac_array:mac_array_inst|results[100]                                                                                                                                     ;
; 4:1                ; 7 bits    ; 14 LEs        ; 7 LEs                ; 7 LEs                  ; Yes        ; |EdgeReflex|mac_array:mac_array_inst|results[109]                                                                                                                                     ;
; 4:1                ; 7 bits    ; 14 LEs        ; 7 LEs                ; 7 LEs                  ; Yes        ; |EdgeReflex|mac_array:mac_array_inst|results[118]                                                                                                                                     ;
; 4:1                ; 7 bits    ; 14 LEs        ; 7 LEs                ; 7 LEs                  ; Yes        ; |EdgeReflex|mac_array:mac_array_inst|results[126]                                                                                                                                     ;
; 4:1                ; 7 bits    ; 14 LEs        ; 7 LEs                ; 7 LEs                  ; Yes        ; |EdgeReflex|mac_array:mac_array_inst|results[132]                                                                                                                                     ;
; 4:1                ; 7 bits    ; 14 LEs        ; 7 LEs                ; 7 LEs                  ; Yes        ; |EdgeReflex|mac_array:mac_array_inst|results[139]                                                                                                                                     ;
; 4:1                ; 7 bits    ; 14 LEs        ; 7 LEs                ; 7 LEs                  ; Yes        ; |EdgeReflex|mac_array:mac_array_inst|results[147]                                                                                                                                     ;
; 4:1                ; 7 bits    ; 14 LEs        ; 7 LEs                ; 7 LEs                  ; Yes        ; |EdgeReflex|mac_array:mac_array_inst|results[156]                                                                                                                                     ;
; 4:1                ; 7 bits    ; 14 LEs        ; 7 LEs                ; 7 LEs                  ; Yes        ; |EdgeReflex|mac_array:mac_array_inst|results[160]                                                                                                                                     ;
; 4:1                ; 7 bits    ; 14 LEs        ; 7 LEs                ; 7 LEs                  ; Yes        ; |EdgeReflex|mac_array:mac_array_inst|results[169]                                                                                                                                     ;
; 4:1                ; 7 bits    ; 14 LEs        ; 7 LEs                ; 7 LEs                  ; Yes        ; |EdgeReflex|mac_array:mac_array_inst|results[182]                                                                                                                                     ;
; 4:1                ; 7 bits    ; 14 LEs        ; 7 LEs                ; 7 LEs                  ; Yes        ; |EdgeReflex|mac_array:mac_array_inst|results[186]                                                                                                                                     ;
; 4:1                ; 7 bits    ; 14 LEs        ; 7 LEs                ; 7 LEs                  ; Yes        ; |EdgeReflex|mac_array:mac_array_inst|results[195]                                                                                                                                     ;
; 4:1                ; 7 bits    ; 14 LEs        ; 7 LEs                ; 7 LEs                  ; Yes        ; |EdgeReflex|mac_array:mac_array_inst|results[202]                                                                                                                                     ;
; 4:1                ; 7 bits    ; 14 LEs        ; 7 LEs                ; 7 LEs                  ; Yes        ; |EdgeReflex|mac_array:mac_array_inst|results[209]                                                                                                                                     ;
; 4:1                ; 7 bits    ; 14 LEs        ; 7 LEs                ; 7 LEs                  ; Yes        ; |EdgeReflex|mac_array:mac_array_inst|results[219]                                                                                                                                     ;
; 4:1                ; 7 bits    ; 14 LEs        ; 7 LEs                ; 7 LEs                  ; Yes        ; |EdgeReflex|mac_array:mac_array_inst|results[225]                                                                                                                                     ;
; 4:1                ; 7 bits    ; 14 LEs        ; 7 LEs                ; 7 LEs                  ; Yes        ; |EdgeReflex|mac_array:mac_array_inst|results[236]                                                                                                                                     ;
; 4:1                ; 7 bits    ; 14 LEs        ; 7 LEs                ; 7 LEs                  ; Yes        ; |EdgeReflex|mac_array:mac_array_inst|results[242]                                                                                                                                     ;
; 4:1                ; 7 bits    ; 14 LEs        ; 7 LEs                ; 7 LEs                  ; Yes        ; |EdgeReflex|mac_array:mac_array_inst|results[250]                                                                                                                                     ;
; 4:1                ; 7 bits    ; 14 LEs        ; 7 LEs                ; 7 LEs                  ; Yes        ; |EdgeReflex|mac_array:mac_array_inst|results[261]                                                                                                                                     ;
; 4:1                ; 7 bits    ; 14 LEs        ; 7 LEs                ; 7 LEs                  ; Yes        ; |EdgeReflex|mac_array:mac_array_inst|results[264]                                                                                                                                     ;
; 4:1                ; 7 bits    ; 14 LEs        ; 7 LEs                ; 7 LEs                  ; Yes        ; |EdgeReflex|mac_array:mac_array_inst|results[276]                                                                                                                                     ;
; 4:1                ; 7 bits    ; 14 LEs        ; 7 LEs                ; 7 LEs                  ; Yes        ; |EdgeReflex|mac_array:mac_array_inst|results[282]                                                                                                                                     ;
; 4:1                ; 7 bits    ; 14 LEs        ; 7 LEs                ; 7 LEs                  ; Yes        ; |EdgeReflex|mac_array:mac_array_inst|results[289]                                                                                                                                     ;
; 4:1                ; 7 bits    ; 14 LEs        ; 7 LEs                ; 7 LEs                  ; Yes        ; |EdgeReflex|mac_array:mac_array_inst|results[298]                                                                                                                                     ;
; 4:1                ; 7 bits    ; 14 LEs        ; 7 LEs                ; 7 LEs                  ; Yes        ; |EdgeReflex|mac_array:mac_array_inst|results[306]                                                                                                                                     ;
; 4:1                ; 7 bits    ; 14 LEs        ; 7 LEs                ; 7 LEs                  ; Yes        ; |EdgeReflex|mac_array:mac_array_inst|results[312]                                                                                                                                     ;
; 4:1                ; 7 bits    ; 14 LEs        ; 7 LEs                ; 7 LEs                  ; Yes        ; |EdgeReflex|mac_array:mac_array_inst|results[323]                                                                                                                                     ;
; 4:1                ; 7 bits    ; 14 LEs        ; 7 LEs                ; 7 LEs                  ; Yes        ; |EdgeReflex|mac_array:mac_array_inst|results[328]                                                                                                                                     ;
; 4:1                ; 7 bits    ; 14 LEs        ; 7 LEs                ; 7 LEs                  ; Yes        ; |EdgeReflex|mac_array:mac_array_inst|results[341]                                                                                                                                     ;
; 4:1                ; 7 bits    ; 14 LEs        ; 7 LEs                ; 7 LEs                  ; Yes        ; |EdgeReflex|mac_array:mac_array_inst|results[347]                                                                                                                                     ;
; 4:1                ; 7 bits    ; 14 LEs        ; 7 LEs                ; 7 LEs                  ; Yes        ; |EdgeReflex|mac_array:mac_array_inst|results[354]                                                                                                                                     ;
; 4:1                ; 7 bits    ; 14 LEs        ; 7 LEs                ; 7 LEs                  ; Yes        ; |EdgeReflex|mac_array:mac_array_inst|results[361]                                                                                                                                     ;
; 4:1                ; 7 bits    ; 14 LEs        ; 7 LEs                ; 7 LEs                  ; Yes        ; |EdgeReflex|mac_array:mac_array_inst|results[371]                                                                                                                                     ;
; 4:1                ; 7 bits    ; 14 LEs        ; 7 LEs                ; 7 LEs                  ; Yes        ; |EdgeReflex|mac_array:mac_array_inst|results[382]                                                                                                                                     ;
; 4:1                ; 7 bits    ; 14 LEs        ; 7 LEs                ; 7 LEs                  ; Yes        ; |EdgeReflex|mac_array:mac_array_inst|results[390]                                                                                                                                     ;
; 4:1                ; 7 bits    ; 14 LEs        ; 7 LEs                ; 7 LEs                  ; Yes        ; |EdgeReflex|mac_array:mac_array_inst|results[392]                                                                                                                                     ;
; 4:1                ; 7 bits    ; 14 LEs        ; 7 LEs                ; 7 LEs                  ; Yes        ; |EdgeReflex|mac_array:mac_array_inst|results[403]                                                                                                                                     ;
; 4:1                ; 7 bits    ; 14 LEs        ; 7 LEs                ; 7 LEs                  ; Yes        ; |EdgeReflex|mac_array:mac_array_inst|results[413]                                                                                                                                     ;
; 4:1                ; 7 bits    ; 14 LEs        ; 7 LEs                ; 7 LEs                  ; Yes        ; |EdgeReflex|mac_array:mac_array_inst|results[422]                                                                                                                                     ;
; 4:1                ; 7 bits    ; 14 LEs        ; 7 LEs                ; 7 LEs                  ; Yes        ; |EdgeReflex|mac_array:mac_array_inst|results[428]                                                                                                                                     ;
; 4:1                ; 7 bits    ; 14 LEs        ; 7 LEs                ; 7 LEs                  ; Yes        ; |EdgeReflex|mac_array:mac_array_inst|results[437]                                                                                                                                     ;
; 4:1                ; 7 bits    ; 14 LEs        ; 7 LEs                ; 7 LEs                  ; Yes        ; |EdgeReflex|mac_array:mac_array_inst|results[440]                                                                                                                                     ;
; 4:1                ; 7 bits    ; 14 LEs        ; 7 LEs                ; 7 LEs                  ; Yes        ; |EdgeReflex|mac_array:mac_array_inst|results[451]                                                                                                                                     ;
; 4:1                ; 7 bits    ; 14 LEs        ; 7 LEs                ; 7 LEs                  ; Yes        ; |EdgeReflex|mac_array:mac_array_inst|results[456]                                                                                                                                     ;
; 4:1                ; 7 bits    ; 14 LEs        ; 7 LEs                ; 7 LEs                  ; Yes        ; |EdgeReflex|mac_array:mac_array_inst|results[469]                                                                                                                                     ;
; 4:1                ; 7 bits    ; 14 LEs        ; 7 LEs                ; 7 LEs                  ; Yes        ; |EdgeReflex|mac_array:mac_array_inst|results[472]                                                                                                                                     ;
; 4:1                ; 7 bits    ; 14 LEs        ; 7 LEs                ; 7 LEs                  ; Yes        ; |EdgeReflex|mac_array:mac_array_inst|results[486]                                                                                                                                     ;
; 4:1                ; 7 bits    ; 14 LEs        ; 7 LEs                ; 7 LEs                  ; Yes        ; |EdgeReflex|mac_array:mac_array_inst|results[493]                                                                                                                                     ;
; 4:1                ; 7 bits    ; 14 LEs        ; 7 LEs                ; 7 LEs                  ; Yes        ; |EdgeReflex|mac_array:mac_array_inst|results[496]                                                                                                                                     ;
; 4:1                ; 8 bits    ; 16 LEs        ; 0 LEs                ; 16 LEs                 ; Yes        ; |EdgeReflex|mac_array:mac_array_inst|results[510]                                                                                                                                     ;
; 4:1                ; 7 bits    ; 14 LEs        ; 7 LEs                ; 7 LEs                  ; Yes        ; |EdgeReflex|mac_array:mac_array_inst|results[6]                                                                                                                                       ;
; 5:1                ; 3 bits    ; 9 LEs         ; 6 LEs                ; 3 LEs                  ; Yes        ; |EdgeReflex|spi_slave:spi_slave_inst|rx_bit_count[2]                                                                                                                                  ;
; 5:1                ; 6 bits    ; 18 LEs        ; 12 LEs               ; 6 LEs                  ; Yes        ; |EdgeReflex|mac_array:mac_array_inst|warmup_count[5]                                                                                                                                  ;
; 5:1                ; 6 bits    ; 18 LEs        ; 12 LEs               ; 6 LEs                  ; Yes        ; |EdgeReflex|mac_array:mac_array_inst|neuron_idx[4]                                                                                                                                    ;
; 5:1                ; 5 bits    ; 15 LEs        ; 10 LEs               ; 5 LEs                  ; Yes        ; |EdgeReflex|spi_slave:spi_slave_inst|send_done_cnt[3]                                                                                                                                 ;
; 5:1                ; 6 bits    ; 18 LEs        ; 12 LEs               ; 6 LEs                  ; Yes        ; |EdgeReflex|spi_slave:spi_slave_inst|idle_count[4]                                                                                                                                    ;
; 5:1                ; 6 bits    ; 18 LEs        ; 12 LEs               ; 6 LEs                  ; Yes        ; |EdgeReflex|spi_slave:spi_slave_inst|tx_shift[1]                                                                                                                                      ;
; 6:1                ; 6 bits    ; 24 LEs        ; 18 LEs               ; 6 LEs                  ; Yes        ; |EdgeReflex|spi_slave:spi_slave_inst|tx_byte_count[5]                                                                                                                                 ;
; 6:1                ; 3 bits    ; 12 LEs        ; 9 LEs                ; 3 LEs                  ; Yes        ; |EdgeReflex|spi_slave:spi_slave_inst|tx_bit_count[0]                                                                                                                                  ;
; 6:1                ; 5 bits    ; 20 LEs        ; 15 LEs               ; 5 LEs                  ; Yes        ; |EdgeReflex|spi_slave:spi_slave_inst|frame_done_cnt[5]                                                                                                                                ;
; 3:1                ; 8 bits    ; 16 LEs        ; 16 LEs               ; 0 LEs                  ; No         ; |EdgeReflex|mac_array:mac_array_inst|sat_int8                                                                                                                                         ;
; 8:1                ; 8 bits    ; 40 LEs        ; 40 LEs               ; 0 LEs                  ; No         ; |EdgeReflex|mac_array:mac_array_inst|weight_rom:weight_rom_inst|weights_rom:rom_inst|altsyncram:altsyncram_component|altsyncram_l8g1:auto_generated|mux_tfb:mux2|l3_w3_n0_mux_dataout ;
; 8:1                ; 4 bits    ; 20 LEs        ; 12 LEs               ; 8 LEs                  ; No         ; |EdgeReflex|Selector3                                                                                                                                                                 ;
; 512:1              ; 8 bits    ; 2728 LEs      ; 1632 LEs             ; 1096 LEs               ; No         ; |EdgeReflex|mac_array:mac_array_inst|Mux4                                                                                                                                             ;
+--------------------+-----------+---------------+----------------------+------------------------+------------+---------------------------------------------------------------------------------------------------------------------------------------------------------------------------------------+


+----------------------------------------------------------------------------------------------------------------------------------------------------------------+
; Source assignments for mac_array:mac_array_inst|weight_rom:weight_rom_inst|weights_rom:rom_inst|altsyncram:altsyncram_component|altsyncram_l8g1:auto_generated ;
+---------------------------------+--------------------+------+--------------------------------------------------------------------------------------------------+
; Assignment                      ; Value              ; From ; To                                                                                               ;
+---------------------------------+--------------------+------+--------------------------------------------------------------------------------------------------+
; OPTIMIZE_POWER_DURING_SYNTHESIS ; NORMAL_COMPILATION ; -    ; -                                                                                                ;
+---------------------------------+--------------------+------+--------------------------------------------------------------------------------------------------+


+-----------------------------------------------------------------------+
; Parameter Settings for User Entity Instance: spi_slave:spi_slave_inst ;
+------------------+--------+-------------------------------------------+
; Parameter Name   ; Value  ; Type                                      ;
+------------------+--------+-------------------------------------------+
; RX_BYTES         ; 304    ; Signed Integer                            ;
; TX_BYTES         ; 64     ; Signed Integer                            ;
; FRAME_GAP_CYCLES ; 100000 ; Unsigned Binary                           ;
; DONE_HOLD_CYCLES ; 010000 ; Unsigned Binary                           ;
+------------------+--------+-------------------------------------------+
Note: In order to hide this table in the UI and the text report file, please set the "Show Parameter Settings in Synthesis Report" option in "Analysis and Synthesis Settings -> More Settings" to "Off".


+-------------------------------------------------------------------------------------------------------------------------------------------------------+
; Parameter Settings for User Entity Instance: mac_array:mac_array_inst|weight_rom:weight_rom_inst|weights_rom:rom_inst|altsyncram:altsyncram_component ;
+------------------------------------+----------------------+-------------------------------------------------------------------------------------------+
; Parameter Name                     ; Value                ; Type                                                                                      ;
+------------------------------------+----------------------+-------------------------------------------------------------------------------------------+
; BYTE_SIZE_BLOCK                    ; 8                    ; Untyped                                                                                   ;
; AUTO_CARRY_CHAINS                  ; ON                   ; AUTO_CARRY                                                                                ;
; IGNORE_CARRY_BUFFERS               ; OFF                  ; IGNORE_CARRY                                                                              ;
; AUTO_CASCADE_CHAINS                ; ON                   ; AUTO_CASCADE                                                                              ;
; IGNORE_CASCADE_BUFFERS             ; OFF                  ; IGNORE_CASCADE                                                                            ;
; WIDTH_BYTEENA                      ; 1                    ; Untyped                                                                                   ;
; OPERATION_MODE                     ; ROM                  ; Untyped                                                                                   ;
; WIDTH_A                            ; 8                    ; Signed Integer                                                                            ;
; WIDTHAD_A                          ; 16                   ; Signed Integer                                                                            ;
; NUMWORDS_A                         ; 65536                ; Signed Integer                                                                            ;
; OUTDATA_REG_A                      ; CLOCK0               ; Untyped                                                                                   ;
; ADDRESS_ACLR_A                     ; NONE                 ; Untyped                                                                                   ;
; OUTDATA_ACLR_A                     ; NONE                 ; Untyped                                                                                   ;
; WRCONTROL_ACLR_A                   ; NONE                 ; Untyped                                                                                   ;
; INDATA_ACLR_A                      ; NONE                 ; Untyped                                                                                   ;
; BYTEENA_ACLR_A                     ; NONE                 ; Untyped                                                                                   ;
; WIDTH_B                            ; 1                    ; Untyped                                                                                   ;
; WIDTHAD_B                          ; 1                    ; Untyped                                                                                   ;
; NUMWORDS_B                         ; 1                    ; Untyped                                                                                   ;
; INDATA_REG_B                       ; CLOCK1               ; Untyped                                                                                   ;
; WRCONTROL_WRADDRESS_REG_B          ; CLOCK1               ; Untyped                                                                                   ;
; RDCONTROL_REG_B                    ; CLOCK1               ; Untyped                                                                                   ;
; ADDRESS_REG_B                      ; CLOCK1               ; Untyped                                                                                   ;
; OUTDATA_REG_B                      ; UNREGISTERED         ; Untyped                                                                                   ;
; BYTEENA_REG_B                      ; CLOCK1               ; Untyped                                                                                   ;
; INDATA_ACLR_B                      ; NONE                 ; Untyped                                                                                   ;
; WRCONTROL_ACLR_B                   ; NONE                 ; Untyped                                                                                   ;
; ADDRESS_ACLR_B                     ; NONE                 ; Untyped                                                                                   ;
; OUTDATA_ACLR_B                     ; NONE                 ; Untyped                                                                                   ;
; RDCONTROL_ACLR_B                   ; NONE                 ; Untyped                                                                                   ;
; BYTEENA_ACLR_B                     ; NONE                 ; Untyped                                                                                   ;
; WIDTH_BYTEENA_A                    ; 1                    ; Signed Integer                                                                            ;
; WIDTH_BYTEENA_B                    ; 1                    ; Untyped                                                                                   ;
; RAM_BLOCK_TYPE                     ; AUTO                 ; Untyped                                                                                   ;
; BYTE_SIZE                          ; 8                    ; Untyped                                                                                   ;
; READ_DURING_WRITE_MODE_MIXED_PORTS ; DONT_CARE            ; Untyped                                                                                   ;
; READ_DURING_WRITE_MODE_PORT_A      ; NEW_DATA_NO_NBE_READ ; Untyped                                                                                   ;
; READ_DURING_WRITE_MODE_PORT_B      ; NEW_DATA_NO_NBE_READ ; Untyped                                                                                   ;
; INIT_FILE                          ; ../weights_hex.mif   ; Untyped                                                                                   ;
; INIT_FILE_LAYOUT                   ; PORT_A               ; Untyped                                                                                   ;
; MAXIMUM_DEPTH                      ; 0                    ; Untyped                                                                                   ;
; CLOCK_ENABLE_INPUT_A               ; BYPASS               ; Untyped                                                                                   ;
; CLOCK_ENABLE_INPUT_B               ; NORMAL               ; Untyped                                                                                   ;
; CLOCK_ENABLE_OUTPUT_A              ; BYPASS               ; Untyped                                                                                   ;
; CLOCK_ENABLE_OUTPUT_B              ; NORMAL               ; Untyped                                                                                   ;
; CLOCK_ENABLE_CORE_A                ; USE_INPUT_CLKEN      ; Untyped                                                                                   ;
; CLOCK_ENABLE_CORE_B                ; USE_INPUT_CLKEN      ; Untyped                                                                                   ;
; ENABLE_ECC                         ; FALSE                ; Untyped                                                                                   ;
; ECC_PIPELINE_STAGE_ENABLED         ; FALSE                ; Untyped                                                                                   ;
; WIDTH_ECCSTATUS                    ; 3                    ; Untyped                                                                                   ;
; DEVICE_FAMILY                      ; Cyclone V            ; Untyped                                                                                   ;
; CBXI_PARAMETER                     ; altsyncram_l8g1      ; Untyped                                                                                   ;
+------------------------------------+----------------------+-------------------------------------------------------------------------------------------+
Note: In order to hide this table in the UI and the text report file, please set the "Show Parameter Settings in Synthesis Report" option in "Analysis and Synthesis Settings -> More Settings" to "Off".


+-------------------------------------------------------------+
; Parameter Settings for User Entity Instance: relu:relu_inst ;
+----------------+-------+------------------------------------+
; Parameter Name ; Value ; Type                               ;
+----------------+-------+------------------------------------+
; WIDTH          ; 512   ; Signed Integer                     ;
; NEURONS        ; 64    ; Signed Integer                     ;
+----------------+-------+------------------------------------+
Note: In order to hide this table in the UI and the text report file, please set the "Show Parameter Settings in Synthesis Report" option in "Analysis and Synthesis Settings -> More Settings" to "Off".


+------------------------------------------------------------------------------------------------------------------------------------------------------+
; altsyncram Parameter Settings by Entity Instance                                                                                                     ;
+-------------------------------------------+----------------------------------------------------------------------------------------------------------+
; Name                                      ; Value                                                                                                    ;
+-------------------------------------------+----------------------------------------------------------------------------------------------------------+
; Number of entity instances                ; 1                                                                                                        ;
; Entity Instance                           ; mac_array:mac_array_inst|weight_rom:weight_rom_inst|weights_rom:rom_inst|altsyncram:altsyncram_component ;
;     -- OPERATION_MODE                     ; ROM                                                                                                      ;
;     -- WIDTH_A                            ; 8                                                                                                        ;
;     -- NUMWORDS_A                         ; 65536                                                                                                    ;
;     -- OUTDATA_REG_A                      ; CLOCK0                                                                                                   ;
;     -- WIDTH_B                            ; 1                                                                                                        ;
;     -- NUMWORDS_B                         ; 1                                                                                                        ;
;     -- ADDRESS_REG_B                      ; CLOCK1                                                                                                   ;
;     -- OUTDATA_REG_B                      ; UNREGISTERED                                                                                             ;
;     -- RAM_BLOCK_TYPE                     ; AUTO                                                                                                     ;
;     -- READ_DURING_WRITE_MODE_MIXED_PORTS ; DONT_CARE                                                                                                ;
+-------------------------------------------+----------------------------------------------------------------------------------------------------------+


+----------------------------------------------------------+
; Port Connectivity Checks: "irq_gen:irq_gen_inst"         ;
+-------------+--------+----------+------------------------+
; Port        ; Type   ; Severity ; Details                ;
+-------------+--------+----------+------------------------+
; status_reg  ; Output ; Info     ; Explicitly unconnected ;
; status_read ; Input  ; Info     ; Stuck at GND           ;
+-------------+--------+----------+------------------------+


+-----------------------------------------------------+
; Post-Synthesis Netlist Statistics for Top Partition ;
+-----------------------+-----------------------------+
; Type                  ; Count                       ;
+-----------------------+-----------------------------+
; arriav_ff             ; 4136                        ;
;     CLR               ; 2473                        ;
;     CLR SCLR          ; 65                          ;
;     CLR SLD           ; 1                           ;
;     ENA CLR           ; 475                         ;
;     ENA CLR SCLR      ; 100                         ;
;     ENA CLR SLD       ; 504                         ;
;     SCLR              ; 512                         ;
;     plain             ; 6                           ;
; arriav_lcell_comb     ; 3812                        ;
;     arith             ; 38                          ;
;         0 data inputs ; 2                           ;
;         1 data inputs ; 27                          ;
;         2 data inputs ; 9                           ;
;     extend            ; 9                           ;
;         7 data inputs ; 9                           ;
;     normal            ; 3765                        ;
;         1 data inputs ; 1                           ;
;         2 data inputs ; 18                          ;
;         3 data inputs ; 47                          ;
;         4 data inputs ; 2523                        ;
;         5 data inputs ; 122                         ;
;         6 data inputs ; 1054                        ;
; arriav_mac            ; 2                           ;
; boundary_port         ; 7                           ;
; stratixv_ram_block    ; 64                          ;
;                       ;                             ;
; Max LUT depth         ; 5.00                        ;
; Average LUT depth     ; 2.81                        ;
+-----------------------+-----------------------------+


+-------------------------------+
; Elapsed Time Per Partition    ;
+----------------+--------------+
; Partition Name ; Elapsed Time ;
+----------------+--------------+
; Top            ; 00:00:13     ;
+----------------+--------------+


+-------------------------------+
; Analysis & Synthesis Messages ;
+-------------------------------+
Info: *******************************************************************
Info: Running Quartus Prime Analysis & Synthesis
    Info: Version 20.1.1 Build 720 11/11/2020 SJ Lite Edition
    Info: Processing started: Fri May 08 15:48:47 2026
Info: Command: quartus_map --read_settings_files=on --write_settings_files=off EdgeReflex -c EdgeReflex
Warning (18236): Number of processors has not been specified which may cause overloading on shared machines.  Set the global assignment NUM_PARALLEL_PROCESSORS in your QSF to an appropriate value for best performance.
Info (20030): Parallel compilation is enabled and will use 4 of the 4 processors detected
Info (12021): Found 1 design units, including 1 entities, in source file /personal/edgereflex/fpga/src/weight_rom.v
    Info (12023): Found entity 1: weight_rom File: C:/personal/EdgeReflex/fpga/src/weight_rom.v Line: 9
Info (12021): Found 1 design units, including 1 entities, in source file /personal/edgereflex/fpga/src/tb_spi_slave.v
    Info (12023): Found entity 1: tb_spi_slave File: C:/personal/EdgeReflex/fpga/src/tb_spi_slave.v Line: 12
Info (12021): Found 1 design units, including 1 entities, in source file /personal/edgereflex/fpga/src/tb_relu.v
    Info (12023): Found entity 1: tb_relu File: C:/personal/EdgeReflex/fpga/src/tb_relu.v Line: 9
Info (12021): Found 1 design units, including 1 entities, in source file /personal/edgereflex/fpga/src/tb_mac_array.v
    Info (12023): Found entity 1: tb_mac_array File: C:/personal/EdgeReflex/fpga/src/tb_mac_array.v Line: 9
Info (12021): Found 1 design units, including 1 entities, in source file /personal/edgereflex/fpga/src/tb_irq_gen.v
    Info (12023): Found entity 1: tb_irq_gen File: C:/personal/EdgeReflex/fpga/src/tb_irq_gen.v Line: 7
Info (12021): Found 1 design units, including 1 entities, in source file /personal/edgereflex/fpga/src/tb_edgereflex.v
    Info (12023): Found entity 1: tb_EdgeReflex File: C:/personal/EdgeReflex/fpga/src/tb_EdgeReflex.v Line: 12
Info (12021): Found 1 design units, including 1 entities, in source file /personal/edgereflex/fpga/src/spi_slave.v
    Info (12023): Found entity 1: spi_slave File: C:/personal/EdgeReflex/fpga/src/spi_slave.v Line: 9
Info (12021): Found 1 design units, including 1 entities, in source file /personal/edgereflex/fpga/src/relu.v
    Info (12023): Found entity 1: relu File: C:/personal/EdgeReflex/fpga/src/relu.v Line: 16
Info (12021): Found 1 design units, including 1 entities, in source file /personal/edgereflex/fpga/src/mac_array.v
    Info (12023): Found entity 1: mac_array File: C:/personal/EdgeReflex/fpga/src/mac_array.v Line: 9
Info (12021): Found 1 design units, including 1 entities, in source file /personal/edgereflex/fpga/src/irq_gen.v
    Info (12023): Found entity 1: irq_gen File: C:/personal/EdgeReflex/fpga/src/irq_gen.v Line: 24
Info (12021): Found 1 design units, including 1 entities, in source file /personal/edgereflex/fpga/src/edgereflex.v
    Info (12023): Found entity 1: EdgeReflex File: C:/personal/EdgeReflex/fpga/src/EdgeReflex.v Line: 50
Info (12021): Found 1 design units, including 1 entities, in source file weights_rom.v
    Info (12023): Found entity 1: weights_rom File: C:/personal/EdgeReflex/fpga/synthesis/weights_rom.v Line: 40
Info (12127): Elaborating entity "EdgeReflex" for the top level hierarchy
Info (12128): Elaborating entity "spi_slave" for hierarchy "spi_slave:spi_slave_inst" File: C:/personal/EdgeReflex/fpga/src/EdgeReflex.v Line: 101
Info (12128): Elaborating entity "mac_array" for hierarchy "mac_array:mac_array_inst" File: C:/personal/EdgeReflex/fpga/src/EdgeReflex.v Line: 115
Info (12128): Elaborating entity "weight_rom" for hierarchy "mac_array:mac_array_inst|weight_rom:weight_rom_inst" File: C:/personal/EdgeReflex/fpga/src/mac_array.v Line: 61
Info (12128): Elaborating entity "weights_rom" for hierarchy "mac_array:mac_array_inst|weight_rom:weight_rom_inst|weights_rom:rom_inst" File: C:/personal/EdgeReflex/fpga/src/weight_rom.v Line: 19
Info (12128): Elaborating entity "altsyncram" for hierarchy "mac_array:mac_array_inst|weight_rom:weight_rom_inst|weights_rom:rom_inst|altsyncram:altsyncram_component" File: C:/personal/EdgeReflex/fpga/synthesis/weights_rom.v Line: 82
Info (12130): Elaborated megafunction instantiation "mac_array:mac_array_inst|weight_rom:weight_rom_inst|weights_rom:rom_inst|altsyncram:altsyncram_component" File: C:/personal/EdgeReflex/fpga/synthesis/weights_rom.v Line: 82
Info (12133): Instantiated megafunction "mac_array:mac_array_inst|weight_rom:weight_rom_inst|weights_rom:rom_inst|altsyncram:altsyncram_component" with the following parameter: File: C:/personal/EdgeReflex/fpga/synthesis/weights_rom.v Line: 82
    Info (12134): Parameter "address_aclr_a" = "NONE"
    Info (12134): Parameter "clock_enable_input_a" = "BYPASS"
    Info (12134): Parameter "clock_enable_output_a" = "BYPASS"
    Info (12134): Parameter "init_file" = "../weights_hex.mif"
    Info (12134): Parameter "intended_device_family" = "Cyclone V"
    Info (12134): Parameter "lpm_hint" = "ENABLE_RUNTIME_MOD=NO"
    Info (12134): Parameter "lpm_type" = "altsyncram"
    Info (12134): Parameter "numwords_a" = "65536"
    Info (12134): Parameter "operation_mode" = "ROM"
    Info (12134): Parameter "outdata_aclr_a" = "NONE"
    Info (12134): Parameter "outdata_reg_a" = "CLOCK0"
    Info (12134): Parameter "widthad_a" = "16"
    Info (12134): Parameter "width_a" = "8"
    Info (12134): Parameter "width_byteena_a" = "1"
Info (12021): Found 1 design units, including 1 entities, in source file db/altsyncram_l8g1.tdf
    Info (12023): Found entity 1: altsyncram_l8g1 File: C:/personal/EdgeReflex/fpga/synthesis/db/altsyncram_l8g1.tdf Line: 32
Info (12128): Elaborating entity "altsyncram_l8g1" for hierarchy "mac_array:mac_array_inst|weight_rom:weight_rom_inst|weights_rom:rom_inst|altsyncram:altsyncram_component|altsyncram_l8g1:auto_generated" File: c:/intelfpga_lite/20.1/quartus/libraries/megafunctions/altsyncram.tdf Line: 792
Info (12021): Found 1 design units, including 1 entities, in source file db/decode_61a.tdf
    Info (12023): Found entity 1: decode_61a File: C:/personal/EdgeReflex/fpga/synthesis/db/decode_61a.tdf Line: 23
Info (12128): Elaborating entity "decode_61a" for hierarchy "mac_array:mac_array_inst|weight_rom:weight_rom_inst|weights_rom:rom_inst|altsyncram:altsyncram_component|altsyncram_l8g1:auto_generated|decode_61a:rden_decode" File: C:/personal/EdgeReflex/fpga/synthesis/db/altsyncram_l8g1.tdf Line: 41
Info (12021): Found 1 design units, including 1 entities, in source file db/mux_tfb.tdf
    Info (12023): Found entity 1: mux_tfb File: C:/personal/EdgeReflex/fpga/synthesis/db/mux_tfb.tdf Line: 23
Info (12128): Elaborating entity "mux_tfb" for hierarchy "mac_array:mac_array_inst|weight_rom:weight_rom_inst|weights_rom:rom_inst|altsyncram:altsyncram_component|altsyncram_l8g1:auto_generated|mux_tfb:mux2" File: C:/personal/EdgeReflex/fpga/synthesis/db/altsyncram_l8g1.tdf Line: 42
Info (12128): Elaborating entity "relu" for hierarchy "relu:relu_inst" File: C:/personal/EdgeReflex/fpga/src/EdgeReflex.v Line: 122
Info (12128): Elaborating entity "irq_gen" for hierarchy "irq_gen:irq_gen_inst" File: C:/personal/EdgeReflex/fpga/src/EdgeReflex.v Line: 132
Info (286030): Timing-Driven Synthesis is running
Info (17049): 3 registers lost all their fanouts during netlist optimizations.
Info (144001): Generated suppressed messages file C:/personal/EdgeReflex/fpga/synthesis/output_files/EdgeReflex.map.smsg
Info (16010): Generating hard_block partition "hard_block:auto_generated_inst"
    Info (16011): Adding 0 node(s), including 0 DDIO, 0 PLL, 0 transceiver and 0 LCELL
Info (21057): Implemented 5421 device resources after synthesis - the final resource count might be different
    Info (21058): Implemented 5 input pins
    Info (21059): Implemented 2 output pins
    Info (21061): Implemented 5348 logic cells
    Info (21064): Implemented 64 RAM segments
    Info (21062): Implemented 2 DSP elements
Info: Quartus Prime Analysis & Synthesis was successful. 0 errors, 1 warning
    Info: Peak virtual memory: 4910 megabytes
    Info: Processing ended: Fri May 08 15:49:52 2026
    Info: Elapsed time: 00:01:05
    Info: Total CPU time (on all processors): 00:00:44


+------------------------------------------+
; Analysis & Synthesis Suppressed Messages ;
+------------------------------------------+
The suppressed messages can be found in C:/personal/EdgeReflex/fpga/synthesis/output_files/EdgeReflex.map.smsg.


